{"/home/junior/Bureau/mds_b3_kuakuvi_desire_dev_unit/src/anagram.js": {"path":"/home/junior/Bureau/mds_b3_kuakuvi_desire_dev_unit/src/anagram.js","statementMap":{"0":{"start":{"line":3,"column":2},"end":{"line":3,"column":45}},"1":{"start":{"line":8,"column":2},"end":{"line":13,"column":14}},"2":{"start":{"line":15,"column":0},"end":{"line":15,"column":27}}},"fnMap":{"0":{"name":"isAnagram","decl":{"start":{"line":2,"column":9},"end":{"line":2,"column":18}},"loc":{"start":{"line":2,"column":31},"end":{"line":4,"column":1}},"line":2},"1":{"name":"formatStr","decl":{"start":{"line":7,"column":9},"end":{"line":7,"column":18}},"loc":{"start":{"line":7,"column":24},"end":{"line":14,"column":1}},"line":7}},"branchMap":{},"s":{"0":3,"1":6,"2":1},"f":{"0":3,"1":6},"b":{},"_coverageSchema":"43e27e138ebf9cfc5966b082cf9a028302ed4184","hash":"d463ca5a8b4755ee3ff16f452c903d41ebad57d8"}
,"/home/junior/Bureau/mds_b3_kuakuvi_desire_dev_unit/src/reversestr.js": {"path":"/home/junior/Bureau/mds_b3_kuakuvi_desire_dev_unit/src/reversestr.js","statementMap":{"0":{"start":{"line":1,"column":22},"end":{"line":6,"column":13}},"1":{"start":{"line":2,"column":2},"end":{"line":6,"column":13}},"2":{"start":{"line":8,"column":0},"end":{"line":8,"column":31}}},"fnMap":{"0":{"name":"(anonymous_0)","decl":{"start":{"line":1,"column":22},"end":{"line":1,"column":23}},"loc":{"start":{"line":2,"column":2},"end":{"line":6,"column":13}},"line":2}},"branchMap":{},"s":{"0":1,"1":2,"2":1},"f":{"0":2},"b":{},"_coverageSchema":"43e27e138ebf9cfc5966b082cf9a028302ed4184","hash":"55c1678b53b8c60e0fb5fa29af4b492e4fb3e0c9"}
,"/home/junior/Bureau/mds_b3_kuakuvi_desire_dev_unit/src/variousfunctions.js": {"path":"/home/junior/Bureau/mds_b3_kuakuvi_desire_dev_unit/src/variousfunctions.js","statementMap":{"0":{"start":{"line":11,"column":14},"end":{"line":11,"column":30}},"1":{"start":{"line":13,"column":18},"end":{"line":27,"column":1}},"2":{"start":{"line":14,"column":23},"end":{"line":14,"column":34}},"3":{"start":{"line":15,"column":16},"end":{"line":15,"column":20}},"4":{"start":{"line":16,"column":19},"end":{"line":16,"column":20}},"5":{"start":{"line":18,"column":17},"end":{"line":18,"column":38}},"6":{"start":{"line":19,"column":4},"end":{"line":19,"column":33}},"7":{"start":{"line":20,"column":4},"end":{"line":20,"column":16}},"8":{"start":{"line":23,"column":4},"end":{"line":26,"column":28}},"9":{"start":{"line":25,"column":19},"end":{"line":25,"column":27}},"10":{"start":{"line":26,"column":20},"end":{"line":26,"column":27}},"11":{"start":{"line":28,"column":0},"end":{"line":28,"column":27}}},"fnMap":{"0":{"name":"(anonymous_0)","decl":{"start":{"line":14,"column":7},"end":{"line":14,"column":8}},"loc":{"start":{"line":14,"column":23},"end":{"line":14,"column":34}},"line":14},"1":{"name":"(anonymous_1)","decl":{"start":{"line":15,"column":10},"end":{"line":15,"column":11}},"loc":{"start":{"line":15,"column":16},"end":{"line":15,"column":20}},"line":15},"2":{"name":"(anonymous_2)","decl":{"start":{"line":16,"column":14},"end":{"line":16,"column":15}},"loc":{"start":{"line":16,"column":19},"end":{"line":16,"column":20}},"line":16},"3":{"name":"(anonymous_3)","decl":{"start":{"line":17,"column":14},"end":{"line":17,"column":15}},"loc":{"start":{"line":17,"column":20},"end":{"line":21,"column":3}},"line":17},"4":{"name":"(anonymous_4)","decl":{"start":{"line":22,"column":13},"end":{"line":22,"column":14}},"loc":{"start":{"line":23,"column":4},"end":{"line":26,"column":28}},"line":23},"5":{"name":"(anonymous_5)","decl":{"start":{"line":25,"column":12},"end":{"line":25,"column":13}},"loc":{"start":{"line":25,"column":19},"end":{"line":25,"column":27}},"line":25},"6":{"name":"(anonymous_6)","decl":{"start":{"line":26,"column":13},"end":{"line":26,"column":14}},"loc":{"start":{"line":26,"column":20},"end":{"line":26,"column":27}},"line":26}},"branchMap":{},"s":{"0":1,"1":1,"2":2,"3":1,"4":1,"5":1,"6":1,"7":1,"8":1,"9":1,"10":0,"11":1},"f":{"0":2,"1":1,"2":1,"3":1,"4":1,"5":1,"6":0},"b":{},"_coverageSchema":"43e27e138ebf9cfc5966b082cf9a028302ed4184","hash":"57896f8355489d1d94d2a0432bb0b67da6b568f0"}
}
