TN:
SF:/home/junior/Bureau/mds_b3_kuakuvi_desire_dev_unit/src/anagram.js
FN:2,isAnagram
FN:7,formatStr
FNF:2
FNH:2
FNDA:3,isAnagram
FNDA:6,formatStr
DA:3,3
DA:8,6
DA:15,1
LF:3
LH:3
BRF:0
BRH:0
end_of_record
TN:
SF:/home/junior/Bureau/mds_b3_kuakuvi_desire_dev_unit/src/reversestr.js
FN:1,(anonymous_0)
FNF:1
FNH:1
FNDA:2,(anonymous_0)
DA:1,1
DA:2,2
DA:8,1
LF:3
LH:3
BRF:0
BRH:0
end_of_record
TN:
SF:/home/junior/Bureau/mds_b3_kuakuvi_desire_dev_unit/src/variousfunctions.js
FN:14,(anonymous_0)
FN:15,(anonymous_1)
FN:16,(anonymous_2)
FN:17,(anonymous_3)
FN:22,(anonymous_4)
FN:25,(anonymous_5)
FN:26,(anonymous_6)
FNF:7
FNH:6
FNDA:2,(anonymous_0)
FNDA:1,(anonymous_1)
FNDA:1,(anonymous_2)
FNDA:1,(anonymous_3)
FNDA:1,(anonymous_4)
FNDA:1,(anonymous_5)
FNDA:0,(anonymous_6)
DA:11,1
DA:13,1
DA:14,2
DA:15,1
DA:16,1
DA:18,1
DA:19,1
DA:20,1
DA:23,1
DA:25,1
DA:26,0
DA:28,1
LF:12
LH:11
BRF:0
BRH:0
end_of_record
